<?xml version="1.0" encoding="UTF-8"?>
<!-- Generated by org.testng.reporters.JUnitReportReporter -->
<testsuite skipped="0" hostname="Jayashrees-MacBook-Air.local" name="MavenE2EJayashree.E2EProject.HomePage" tests="4" failures="0" timestamp="2020-11-27T16:07:19 IST" time="28.454" errors="0">
  <testcase name="base1PageNavigation" time="7.069" classname="MavenE2EJayashree.E2EProject.HomePage"/>
  <system-out/>
  <testcase name="base1PageNavigation" time="5.742" classname="MavenE2EJayashree.E2EProject.HomePage"/>
  <system-out/>
  <testcase name="base1PageNavigation" time="9.859" classname="MavenE2EJayashree.E2EProject.HomePage"/>
  <system-out/>
  <testcase name="base1PageNavigation" time="5.784" classname="MavenE2EJayashree.E2EProject.HomePage"/>
  <system-out/>
</testsuite> <!-- MavenE2EJayashree.E2EProject.HomePage -->
