<?xml version="1.0" encoding="UTF-8"?>
<!-- Generated by org.testng.reporters.JUnitReportReporter -->
<testsuite skipped="0" hostname="Jayashrees-MacBook-Air.local" name="cucumberOptions.TestRunner" tests="1" failures="0" timestamp="2020-12-05T14:46:54 IST" time="29.407" errors="0">
  <testcase name="feature" time="29.407" classname="cucumberOptions.TestRunner"/>
  <system-out/>
</testsuite> <!-- cucumberOptions.TestRunner -->
