<?xml version="1.0" encoding="UTF-8"?>
<!-- Generated by org.testng.reporters.JUnitReportReporter -->
<testsuite skipped="0" hostname="Jayashrees-MacBook-Air.local" name="MavenE2EJayashree.E2EProject.navigate_to_forgotPassword_Page" tests="1" failures="0" timestamp="2020-11-27T16:07:19 IST" time="12.287" errors="0">
  <testcase name="access_Fgtpwd_link" time="12.287" classname="MavenE2EJayashree.E2EProject.navigate_to_forgotPassword_Page"/>
  <system-out/>
</testsuite> <!-- MavenE2EJayashree.E2EProject.navigate_to_forgotPassword_Page -->
